<?xml version="1.0" encoding="UTF-8"?>
<!-- Generated by org.testng.reporters.JUnitXMLReporter -->
<testsuite ignored="0" hostname="LAPTOP-P55MCDEA" failures="0" tests="2" name="Default test" time="11.47" errors="0" timestamp="2025-06-30T13:39:29 IST">
  <testcase classname="inventoryTests.AddProductToCartTestUsingAnnotation" name="demo" time="0.026"/>
  <testcase classname="inventoryTests.AddProductToCartTestUsingAnnotation" name="tc_001_AddProductToCartTest" time="1.414"/>
</testsuite> <!-- Default test -->
