<?xml version="1.0" encoding="UTF-8"?>
<!-- Generated by org.testng.reporters.JUnitXMLReporter -->
<testsuite ignored="0" hostname="LAPTOP-P55MCDEA" failures="0" tests="2" name="Default test" time="8.0" errors="0" timestamp="2025-06-21T13:24:18 IST">
  <testcase classname="inventoryTests.AddProductToCartTestUsingAnnotation" name="demo" time="0.022"/>
  <testcase classname="inventoryTests.AddProductToCartTestUsingAnnotation" name="tc_001_AddProductToCartTest" time="0.992"/>
</testsuite> <!-- Default test -->
