<?xml version="1.0" encoding="UTF-8"?>
<!-- Generated by org.testng.reporters.JUnitXMLReporter -->
<testsuite ignored="6" hostname="LAPTOP-P55MCDEA" failures="1" tests="2" name="Test" time="12.923" errors="0" timestamp="2025-06-21T13:08:54 IST">
  <testcase classname="inventoryTests.AddProductToCartTestUsingAnnotation" name="demo" time="0.017">
    <failure type="java.lang.AssertionError" message="null">
      <![CDATA[java.lang.AssertionError: null
at inventoryTests.AddProductToCartTestUsingAnnotation.demo(AddProductToCartTestUsingAnnotation.java:57)
at java.base/java.util.ArrayList.forEach(ArrayList.java:1596)
... Removed 27 stack frames]]>
    </failure>
  </testcase> <!-- demo -->
  <testcase classname="inventoryTests.HighestProductToCartUsingAnnotationTest" name="tc_002__highestProductToCart" time="1.209"/>
  <testcase classname="cartTests.DeleteProductFromCartTest" name="tc_001_deleteProductFromCart" time="0.0">
    <ignored/>
  </testcase> <!-- tc_001_deleteProductFromCart -->
  <testcase classname="inventoryTests.AddProductToCartTestUsingAnnotation" name="tc_001_AddProductToCartTest" time="0.0">
    <ignored/>
  </testcase> <!-- tc_001_AddProductToCartTest -->
  <testcase classname="genericUtilities.BaseClass" name="@BeforeSuite bsConfig" time="0.0">
    <ignored/>
  </testcase> <!-- @BeforeSuite bsConfig -->
  <testcase classname="genericUtilities.BaseClass" name="@AfterSuite asCongif" time="0.0">
    <ignored/>
  </testcase> <!-- @AfterSuite asCongif -->
  <testcase classname="genericUtilities.BaseClass" name="@BeforeSuite bsConfig" time="0.0">
    <ignored/>
  </testcase> <!-- @BeforeSuite bsConfig -->
  <testcase classname="genericUtilities.BaseClass" name="@AfterSuite asCongif" time="0.0">
    <ignored/>
  </testcase> <!-- @AfterSuite asCongif -->
</testsuite> <!-- Test -->
