<?xml version="1.0" encoding="UTF-8"?>
<testng-results ignored="0" total="2" passed="2" failed="0" skipped="0">
  <reporter-output>
  </reporter-output>
  <suite started-at="2025-06-30T13:39:17 IST" name="Default suite" finished-at="2025-06-30T13:39:28 IST" duration-ms="11470">
    <groups>
      <group name="RegressionSuite">
        <method signature="AddProductToCartTestUsingAnnotation.tc_001_AddProductToCartTest()[pri:0, instance:inventoryTests.AddProductToCartTestUsingAnnotation@247bddad]" name="tc_001_AddProductToCartTest" class="inventoryTests.AddProductToCartTestUsingAnnotation"/>
      </group> <!-- RegressionSuite -->
      <group name="SmokeSuite">
        <method signature="AddProductToCartTestUsingAnnotation.demo()[pri:0, instance:inventoryTests.AddProductToCartTestUsingAnnotation@247bddad]" name="demo" class="inventoryTests.AddProductToCartTestUsingAnnotation"/>
      </group> <!-- SmokeSuite -->
    </groups>
    <test started-at="2025-06-30T13:39:17 IST" name="Default test" finished-at="2025-06-30T13:39:28 IST" duration-ms="11470">
      <class name="inventoryTests.AddProductToCartTestUsingAnnotation">
        <test-method is-config="true" signature="bsConfig()[pri:0, instance:inventoryTests.AddProductToCartTestUsingAnnotation@247bddad]" started-at="2025-06-30T13:39:17 IST" name="bsConfig" finished-at="2025-06-30T13:39:17 IST" duration-ms="13" status="PASS">
          <reporter-output>
          </reporter-output>
        </test-method> <!-- bsConfig -->
        <test-method is-config="true" signature="bcConfig()[pri:0, instance:inventoryTests.AddProductToCartTestUsingAnnotation@247bddad]" started-at="2025-06-30T13:39:17 IST" name="bcConfig" finished-at="2025-06-30T13:39:24 IST" duration-ms="6673" status="PASS">
          <reporter-output>
          </reporter-output>
        </test-method> <!-- bcConfig -->
        <test-method is-config="true" signature="bmConfig()[pri:0, instance:inventoryTests.AddProductToCartTestUsingAnnotation@247bddad]" started-at="2025-06-30T13:39:24 IST" name="bmConfig" finished-at="2025-06-30T13:39:25 IST" duration-ms="668" status="PASS">
          <reporter-output>
          </reporter-output>
        </test-method> <!-- bmConfig -->
        <test-method signature="demo()[pri:0, instance:inventoryTests.AddProductToCartTestUsingAnnotation@247bddad]" started-at="2025-06-30T13:39:25 IST" name="demo" finished-at="2025-06-30T13:39:25 IST" duration-ms="26" status="PASS">
          <reporter-output>
          </reporter-output>
        </test-method> <!-- demo -->
        <test-method is-config="true" signature="amconfig()[pri:0, instance:inventoryTests.AddProductToCartTestUsingAnnotation@247bddad]" started-at="2025-06-30T13:39:25 IST" name="amconfig" finished-at="2025-06-30T13:39:25 IST" duration-ms="519" status="PASS">
          <reporter-output>
          </reporter-output>
        </test-method> <!-- amconfig -->
        <test-method is-config="true" signature="bmConfig()[pri:0, instance:inventoryTests.AddProductToCartTestUsingAnnotation@247bddad]" started-at="2025-06-30T13:39:25 IST" name="bmConfig" finished-at="2025-06-30T13:39:26 IST" duration-ms="301" status="PASS">
          <reporter-output>
          </reporter-output>
        </test-method> <!-- bmConfig -->
        <test-method signature="tc_001_AddProductToCartTest()[pri:0, instance:inventoryTests.AddProductToCartTestUsingAnnotation@247bddad]" started-at="2025-06-30T13:39:26 IST" name="tc_001_AddProductToCartTest" finished-at="2025-06-30T13:39:27 IST" duration-ms="1414" status="PASS">
          <reporter-output>
          </reporter-output>
        </test-method> <!-- tc_001_AddProductToCartTest -->
        <test-method is-config="true" signature="amconfig()[pri:0, instance:inventoryTests.AddProductToCartTestUsingAnnotation@247bddad]" started-at="2025-06-30T13:39:27 IST" name="amconfig" finished-at="2025-06-30T13:39:27 IST" duration-ms="453" status="PASS">
          <reporter-output>
          </reporter-output>
        </test-method> <!-- amconfig -->
        <test-method is-config="true" signature="acConfig()[pri:0, instance:inventoryTests.AddProductToCartTestUsingAnnotation@247bddad]" started-at="2025-06-30T13:39:27 IST" name="acConfig" finished-at="2025-06-30T13:39:28 IST" duration-ms="1076" status="PASS">
          <reporter-output>
          </reporter-output>
        </test-method> <!-- acConfig -->
        <test-method is-config="true" signature="asCongif()[pri:0, instance:inventoryTests.AddProductToCartTestUsingAnnotation@247bddad]" started-at="2025-06-30T13:39:29 IST" name="asCongif" finished-at="2025-06-30T13:39:29 IST" duration-ms="0" status="PASS">
          <reporter-output>
          </reporter-output>
        </test-method> <!-- asCongif -->
      </class> <!-- inventoryTests.AddProductToCartTestUsingAnnotation -->
    </test> <!-- Default test -->
  </suite> <!-- Default suite -->
</testng-results>
