<?xml version="1.0" encoding="UTF-8"?>
<testng-results ignored="0" total="2" passed="2" failed="0" skipped="0">
  <reporter-output>
  </reporter-output>
  <suite started-at="2025-06-21T13:24:10 IST" name="Default suite" finished-at="2025-06-21T13:24:18 IST" duration-ms="8000">
    <groups>
      <group name="RegressionSuite">
        <method signature="AddProductToCartTestUsingAnnotation.tc_001_AddProductToCartTest()[pri:0, instance:inventoryTests.AddProductToCartTestUsingAnnotation@247bddad]" name="tc_001_AddProductToCartTest" class="inventoryTests.AddProductToCartTestUsingAnnotation"/>
      </group> <!-- RegressionSuite -->
      <group name="SmokeSuite">
        <method signature="AddProductToCartTestUsingAnnotation.demo()[pri:0, instance:inventoryTests.AddProductToCartTestUsingAnnotation@247bddad]" name="demo" class="inventoryTests.AddProductToCartTestUsingAnnotation"/>
      </group> <!-- SmokeSuite -->
    </groups>
    <test started-at="2025-06-21T13:24:10 IST" name="Default test" finished-at="2025-06-21T13:24:18 IST" duration-ms="8000">
      <class name="inventoryTests.AddProductToCartTestUsingAnnotation">
        <test-method is-config="true" signature="bsConfig()[pri:0, instance:inventoryTests.AddProductToCartTestUsingAnnotation@247bddad]" started-at="2025-06-21T13:24:10 IST" name="bsConfig" finished-at="2025-06-21T13:24:10 IST" duration-ms="14" status="PASS">
          <reporter-output>
          </reporter-output>
        </test-method> <!-- bsConfig -->
        <test-method is-config="true" signature="bcConfig()[pri:0, instance:inventoryTests.AddProductToCartTestUsingAnnotation@247bddad]" started-at="2025-06-21T13:24:10 IST" name="bcConfig" finished-at="2025-06-21T13:24:15 IST" duration-ms="5262" status="PASS">
          <reporter-output>
          </reporter-output>
        </test-method> <!-- bcConfig -->
        <test-method is-config="true" signature="bmConfig()[pri:0, instance:inventoryTests.AddProductToCartTestUsingAnnotation@247bddad]" started-at="2025-06-21T13:24:15 IST" name="bmConfig" finished-at="2025-06-21T13:24:16 IST" duration-ms="460" status="PASS">
          <reporter-output>
          </reporter-output>
        </test-method> <!-- bmConfig -->
        <test-method signature="demo()[pri:0, instance:inventoryTests.AddProductToCartTestUsingAnnotation@247bddad]" started-at="2025-06-21T13:24:16 IST" name="demo" finished-at="2025-06-21T13:24:16 IST" duration-ms="22" status="PASS">
          <reporter-output>
          </reporter-output>
        </test-method> <!-- demo -->
        <test-method is-config="true" signature="amconfig()[pri:0, instance:inventoryTests.AddProductToCartTestUsingAnnotation@247bddad]" started-at="2025-06-21T13:24:16 IST" name="amconfig" finished-at="2025-06-21T13:24:16 IST" duration-ms="291" status="PASS">
          <reporter-output>
          </reporter-output>
        </test-method> <!-- amconfig -->
        <test-method is-config="true" signature="bmConfig()[pri:0, instance:inventoryTests.AddProductToCartTestUsingAnnotation@247bddad]" started-at="2025-06-21T13:24:16 IST" name="bmConfig" finished-at="2025-06-21T13:24:16 IST" duration-ms="190" status="PASS">
          <reporter-output>
          </reporter-output>
        </test-method> <!-- bmConfig -->
        <test-method signature="tc_001_AddProductToCartTest()[pri:0, instance:inventoryTests.AddProductToCartTestUsingAnnotation@247bddad]" started-at="2025-06-21T13:24:16 IST" name="tc_001_AddProductToCartTest" finished-at="2025-06-21T13:24:17 IST" duration-ms="992" status="PASS">
          <reporter-output>
          </reporter-output>
        </test-method> <!-- tc_001_AddProductToCartTest -->
        <test-method is-config="true" signature="amconfig()[pri:0, instance:inventoryTests.AddProductToCartTestUsingAnnotation@247bddad]" started-at="2025-06-21T13:24:17 IST" name="amconfig" finished-at="2025-06-21T13:24:18 IST" duration-ms="269" status="PASS">
          <reporter-output>
          </reporter-output>
        </test-method> <!-- amconfig -->
        <test-method is-config="true" signature="acConfig()[pri:0, instance:inventoryTests.AddProductToCartTestUsingAnnotation@247bddad]" started-at="2025-06-21T13:24:18 IST" name="acConfig" finished-at="2025-06-21T13:24:18 IST" duration-ms="188" status="PASS">
          <reporter-output>
          </reporter-output>
        </test-method> <!-- acConfig -->
        <test-method is-config="true" signature="asCongif()[pri:0, instance:inventoryTests.AddProductToCartTestUsingAnnotation@247bddad]" started-at="2025-06-21T13:24:18 IST" name="asCongif" finished-at="2025-06-21T13:24:18 IST" duration-ms="0" status="PASS">
          <reporter-output>
          </reporter-output>
        </test-method> <!-- asCongif -->
      </class> <!-- inventoryTests.AddProductToCartTestUsingAnnotation -->
    </test> <!-- Default test -->
  </suite> <!-- Default suite -->
</testng-results>
